[leviticatechnologies.com/index.html]
[leviticatechnologies.com/assets/css/bootstrap.min.css]
[leviticatechnologies.com/assets/css/animate.min.css]
[leviticatechnologies.com/assets/fonts/flaticon.css]
[leviticatechnologies.com/assets/css/boxicons.min.css]
[leviticatechnologies.com/assets/css/owl.carousel.min.css]
[leviticatechnologies.com/assets/css/owl.theme.default.min.css]
[leviticatechnologies.com/assets/css/magnific-popup.css]
[leviticatechnologies.com/assets/css/nice-select.min.css]
[leviticatechnologies.com/assets/css/meanmenu.css]
[leviticatechnologies.com/assets/css/style.css]
[leviticatechnologies.com/assets/css/responsive.css]
[leviticatechnologies.com/assets/css/theme-dark.css]
[leviticatechnologies.com/assets/images/favicon.png]
[backblue.gif]
[fade.gif]
[index.html]
[leviticatechnologies.com/assets/images/logos/Levitica logo.png]
[leviticatechnologies.com/index-2.html]
[leviticatechnologies.com/about.html]
[leviticatechnologies.com/gallery.html]
[leviticatechnologies.com/services.html]
[leviticatechnologies.com/whylevitica.html]
[leviticatechnologies.com/contact.html]
[leviticatechnologies.com/assets/images/about/about-img1.jpg]
[leviticatechnologies.com/assets/images/about/about-img2.jpg]
[leviticatechnologies.com/services-webDevelopment.html]
[leviticatechnologies.com/services-mobileTesting.html]
[leviticatechnologies.com/services-AppDevelopment.html]
[leviticatechnologies.com/services-WebsiteDesign.html]
[leviticatechnologies.com/assets/images/shape/service-shape1.png]
[leviticatechnologies.com/assets/images/about/about-img3.jpg]
[leviticatechnologies.com/assets/images/shape/shape1.png]
[leviticatechnologies.com/assets/images/shape/shape2.png]
[leviticatechnologies.com/services-LogoDesign.html]
[leviticatechnologies.com/services-AutomationTesting.html]
[leviticatechnologies.com/services-SoftwareTesting.html]
[leviticatechnologies.com/assets/js/jquery.min.js]
[leviticatechnologies.com/assets/js/bootstrap.bundle.min.js]
[leviticatechnologies.com/assets/js/owl.carousel.min.js]
[leviticatechnologies.com/assets/js/jquery.magnific-popup.min.js]
[leviticatechnologies.com/assets/js/jquery.nice-select.min.js]
[leviticatechnologies.com/assets/js/wow.min.js]
[leviticatechnologies.com/assets/js/meanmenu.js]
[leviticatechnologies.com/assets/js/jquery.ajaxchimp.min.js]
[leviticatechnologies.com/assets/js/form-validator.min.js]
[leviticatechnologies.com/assets/js/contact-form-script.js]
[leviticatechnologies.com/assets/js/custom.js]
[leviticatechnologies.com/index.html]
[leviticatechnologies.com/assets/css/bootstrap.min.css]
[leviticatechnologies.com/assets/css/animate.min.css]
[leviticatechnologies.com/assets/fonts/Flaticon.eot]
[leviticatechnologies.com/assets/fonts/Flaticond41dd41d.eot]
[leviticatechnologies.com/assets/fonts/Flaticon.woff2]
[leviticatechnologies.com/assets/fonts/Flaticon.woff]
[leviticatechnologies.com/assets/fonts/Flaticon.ttf]
[leviticatechnologies.com/assets/fonts/flaticon.css]
[leviticatechnologies.com/assets/fonts/Flaticon.svg]
[leviticatechnologies.com/assets/fonts/boxicons.eot]
[leviticatechnologies.com/assets/fonts/boxicons.woff2]
[leviticatechnologies.com/assets/fonts/boxicons.woff]
[leviticatechnologies.com/assets/fonts/boxicons.ttf]
[leviticatechnologies.com/assets/css/boxicons.min.css]
[leviticatechnologies.com/assets/css/owl.carousel.min.css]
[leviticatechnologies.com/assets/css/owl.theme.default.min.css]
[leviticatechnologies.com/assets/css/magnific-popup.css]
[leviticatechnologies.com/assets/css/nice-select.min.css]
[leviticatechnologies.com/assets/css/meanmenu.css]
[leviticatechnologies.com/assets/fonts/boxiconsd41dd41d.svg]
[leviticatechnologies.com/assets/images/home-one/home-one-img1.jpg]
[leviticatechnologies.com/assets/images/home-one/home-one-img2.jpg]
[leviticatechnologies.com/assets/images/home-one/home-one-img3.jpg]
[leviticatechnologies.com/assets/images/home-two.jpg]
[leviticatechnologies.com/assets/images/home-three/home-three-bg.png]
[leviticatechnologies.com/assets/images/home-four/home-four-bg.png]
[leviticatechnologies.com/assets/images/services/services-bg.png]
[leviticatechnologies.com/assets/images/shape/bg-shape.png]
[leviticatechnologies.com/assets/images/shape/bg-shape2.png]
[leviticatechnologies.com/assets/images/build/build-bg.png]
[leviticatechnologies.com/assets/images/build/build-play-bg.jpg]
[leviticatechnologies.com/assets/images/talk-bg.jpg]
[leviticatechnologies.com/assets/images/talk-bg2.jpg]
[leviticatechnologies.com/assets/images/call-us/call-shap1.png]
[leviticatechnologies.com/assets/images/technology-img.jpg]
[leviticatechnologies.com/assets/images/shape/bg-shape3.png]
[leviticatechnologies.com/assets/images/technology-img2.jpg]
[leviticatechnologies.com/assets/images/brand-logo/brand-bg.png]
[leviticatechnologies.com/assets/images/clients-img/client-bg.png]
[leviticatechnologies.com/assets/images/shape/bg-shape5.png]
[leviticatechnologies.com/assets/images/blog/blog-details.jpg]
[leviticatechnologies.com/assets/images/blog/blog-img2.jpg]
[leviticatechnologies.com/assets/images/blog/blog-img3.jpg]
[leviticatechnologies.com/assets/images/blog/blog-img1.jpg]
[leviticatechnologies.com/assets/images/home-six.jpg]
[leviticatechnologies.com/assets/css/style.css]
[leviticatechnologies.com/assets/css/responsive.css]
[i.ibb.co/7JfqXxB/sunny.png]
[leviticatechnologies.com/assets/css/theme-dark.css]
[leviticatechnologies.com/index-2.html]
[leviticatechnologies.com/assets/images/choose-img.jpg]
[leviticatechnologies.com/about.html]
[cdnjs.cloudflare.com/ajax/libs/fancybox/2.1.5/jquery.fancybox.min.css]
[maxcdn.bootstrapcdn.com/bootstrap/4.0.0/css/bootstrap.min.css]
[leviticatechnologies.com/assets/images/gallery/1.jpg]
[maxcdn.bootstrapcdn.com/bootstrap/4.0.0/js/bootstrap.min.js]
[static.vecteezy.com/system/resources/thumbnails/023/986/704/small/youtube-logo-youtube-logo-transparent-youtube-icon-transparent-free-free-png.png]
[cdnjs.cloudflare.com/ajax/libs/jquery/3.2.1/jquery.min.js]
[leviticatechnologies.com/assets/images/gallery/15.jpg]
[leviticatechnologies.com/assets/images/gallery/2.jpg]
[leviticatechnologies.com/assets/images/gallery/3.jpg]
[leviticatechnologies.com/assets/images/gallery/4.jpg]
[leviticatechnologies.com/assets/images/gallery/5.jpg]
[leviticatechnologies.com/assets/images/gallery/6.jpg]
[leviticatechnologies.com/assets/images/gallery/7.jpg]
[leviticatechnologies.com/assets/images/gallery/8.jpg]
[leviticatechnologies.com/assets/images/gallery/9.jpg]
[leviticatechnologies.com/assets/images/gallery/10.jpg]
[leviticatechnologies.com/assets/images/gallery/12.jpg]
[leviticatechnologies.com/assets/images/gallery/13.jpg]
[leviticatechnologies.com/assets/images/gallery/14.jpg]
[leviticatechnologies.com/gallery.html]
[cdnjs.cloudflare.com/ajax/libs/fancybox/2.1.5/jquery.fancybox.min.js]
[leviticatechnologies.com/services-AnimatedVideos.html]
[leviticatechnologies.com/services.html]
[use.fontawesome.com/releases/v6.2.0/css/all.css]
[leviticatechnologies.com/assets/images/team/h6.jpg]
[leviticatechnologies.com/assets/images/team/durgaprasad.jpg]
[leviticatechnologies.com/whylevitica.html]
[cdn.jsdelivr.net/npm/bootstrap@5.2.3/dist/css/bootstrap.min.css]
[cdn.jsdelivr.net/npm/bootstrap@5.2.3/dist/js/bootstrap.bundle.min.js]
[cdn.jsdelivr.net/npm/@emailjs/browser@3/dist/email.min.js]
[leviticatechnologies.com/contact.html]
[img.freepik.com/free-photo/html-css-collage-concept-with-person_23-215006199920a9.jpg]
[img.freepik.com/free-photo/html-system-website-concept_23-215037677220a9.jpg]
[leviticatechnologies.com/services-webDevelopment.html]
[img.freepik.com/free-vector/mobile-development-concept-illustration_114360-50299922.jpg]
[img.freepik.com/free-photo/representations-user-experience-interface-design_23-21501045119922.jpg]
[img.freepik.com/free-vector/isometric-gradient-3d-mobile-phone-background_52683-62309922.jpg]
[leviticatechnologies.com/services-mobileTesting.html]
[img.freepik.com/free-vector/mobile-app-development-isometric-composition-with-human-characters-robotic-arm-smartphone-platforms-with-rocket-vector-illustration_1284-772969922.jpg]
[img.freepik.com/free-photo/medium-shot-man-working-laptop_23-21503235069922.jpg]
[leviticatechnologies.com/services-AppDevelopment.html]
[img.freepik.com/free-photo/medium-shot-woman-working-laptop_23-2150323510d1ca.jpg]
[leviticatechnologies.com/assets/images/digital.jpg]
[img.freepik.com/free-vector/design-team-concept-illustration_114360-51489922.jpg]
[img.freepik.com/free-vector/video-game-developer-concept-illustration_114360-6106d1ca.jpg]
[leviticatechnologies.com/services-WebsiteDesign.html]
[img.freepik.com/free-vector/interior-design-concept-illustration_114360-54067d90.jpg]
[img.freepik.com/free-vector/design-inspiration-concept-illustration_114360-39577d90.jpg]
[img.freepik.com/free-vector/design-tools-concept-illustration_114360-12277d90.jpg]
[leviticatechnologies.com/services-LogoDesign.html]
[img.freepik.com/free-vector/metrics-concept-illustration_114360-3703f9de.jpg]
[img.freepik.com/free-psd/robot-working-modern-office-with-real-people-generative-ai_587448-20549922.jpg]
[img.freepik.com/free-photo/female-hacker-cracking-binary-code_53876-9853520a9.jpg]
[leviticatechnologies.com/services-AutomationTesting.html]
[img.freepik.com/free-vector/new-app-development-desktop_23-21486849871a5b.jpg]
[img.freepik.com/free-vector/software-tester-concept-illustration_114360-119767201.jpg]
[img.freepik.com/free-vector/design-stats-concept-illustration_114360-4266b5e7.jpg]
[leviticatechnologies.com/services-SoftwareTesting.html]
[leviticatechnologies.com/assets/fonts/Flaticon.svg]
[leviticatechnologies.com/assets/fonts/boxiconsd41dd41d.svg]
[leviticatechnologies.com/assets/css/owl.video.play.html]
[leviticatechnologies.com/i.ibb.co/FxzBYR9/night.html]
[cdnjs.cloudflare.com/ajax/libs/fancybox/2.1.5/fancybox_sprite.png]
[cdnjs.cloudflare.com/ajax/libs/fancybox/2.1.5/fancybox_loading.gif]
[cdnjs.cloudflare.com/ajax/libs/fancybox/2.1.5/blank.gif]
[cdnjs.cloudflare.com/ajax/libs/fancybox/2.1.5/fancybox_overlay.png]
[cdnjs.cloudflare.com/ajax/libs/fancybox/2.1.5/fancybox_sprite@2x.png]
[cdnjs.cloudflare.com/ajax/libs/fancybox/2.1.5/fancybox_loading@2x.gif]
[cdnjs.cloudflare.com/ajax/libs/fancybox/2.1.5/jquery.fancybox.min.css]
[maxcdn.bootstrapcdn.com/bootstrap/4.0.0/css/bootstrap.min.css]
[i.ytimg.com/vi/mWRLFW8ZCxY/hqdefaultd1b1.jpg]
[i.ytimg.com/vi/IRRQ8MgVtng/hqdefaultcd4f.jpg]
[leviticatechnologies.com/services-Website%20Design.html]
[img.freepik.com/free-vector/design-team-concept-illustration_114360-44257d90.jpg]
[leviticatechnologies.com/services-AnimatedVideos.html]
[leviticatechnologies.com/services-Software%20Testing.html]
[use.fontawesome.com/releases/v6.2.0/css/all.css]
[cdn.jsdelivr.net/npm/bootstrap@5.2.3/dist/css/bootstrap.min.css]
[leviticatechnologies.com/terms-condition.html]
[leviticatechnologies.com/privacy-policy.html]
[img.freepik.com/free-photo/asian-man-listening-music-editing-video-software-using-computer-work-film-production-creating-videographer-content-with-visual-effects-color-gradient_482257-44309.a17d]
[img.freepik.com/free-photo/video-editor-working-from-home-night-new-project-editing-audio-film-montage-sitting-modern-kitchen-content-creator-using-professional-laptop-modern-technology-network-]
